PUSHI 0
PUSHI 0
PUSHI 0
PUSHI 0
START
PUSHS "INTRODUZA UM NUMERO DECIMAL INTEIRO:"
WRITES
WRITELN
READ
ATOI
STOREG 0
PUSHI 2
STOREG 1
DOSTART0:
PUSHG 1
PUSHI 9
INFEQ
JZ DOEND1
PUSHG 0
PUSHG 1
PUSHA CONVRT
CALL
STOREG 2
PUSHS "BASE "
WRITES
PUSHG 1
WRITEI
PUSHS ": "
WRITES
PUSHG 2
WRITEI
WRITELN
L10:
PUSHG 1
PUSHI 1
ADD
STOREG 1
JUMP DOSTART0
DOEND1:
STOP
CONVRT:
PUSHI 0
PUSHI 0
PUSHI 0
PUSHI 0
PUSHI 0
PUSHI 0
STOREL 4
PUSHI 1
STOREL 3
PUSHL -2
STOREL 1
L20:
PUSHL 1
PUSHI 0
SUP
JZ ENDIF2
PUSHL 1
PUSHL -1
MOD
STOREL 2
PUSHL 4
PUSHL 2
PUSHL 3
MUL
ADD
STOREL 4
PUSHL 1
PUSHL -1
DIV
STOREL 1
PUSHL 3
PUSHI 10
MUL
STOREL 3
JUMP L20
ENDIF2:
PUSHL 4
STOREL 0
PUSHL 0
RETURN
