PUSHN 6
PUSHI 0
PUSHI 0
PUSHI 0
START
PUSHI 0
STOREG 8
PUSHI 1
STOREG 6
DOSTART0:
PUSHG 6
PUSHI 2
INFEQ
JZ DOEND1
PUSHI 1
STOREG 7
DOSTART2:
PUSHG 7
PUSHI 3
INFEQ
JZ DOEND3
PUSHGP
PUSHI 0
PADD
PUSHG 6
PUSHI 1
SUB
PUSHG 7
PUSHI 1
SUB
PUSHI 2
MUL
ADD
PUSHG 6
PUSHI 10
MUL
PUSHG 7
ADD
STOREN
PUSHG 8
PUSHGP
PUSHI 0
PADD
PUSHG 6
PUSHI 1
SUB
PUSHG 7
PUSHI 1
SUB
PUSHI 2
MUL
ADD
LOADN
ADD
STOREG 8
L20:
PUSHG 7
PUSHI 1
ADD
STOREG 7
JUMP DOSTART2
DOEND3:
L10:
PUSHG 6
PUSHI 1
ADD
STOREG 6
JUMP DOSTART0
DOEND1:
PUSHS "SOMA MATRIZ: "
WRITES
PUSHG 8
WRITEI
WRITELN
STOP
